/!\ FAILSAFE /!\  2010-02-10 13:57:42 +0200
  Status: 500 Internal Server Error
  Access denied for user 'root'@'localhost' (using password: NO)
    C:/dev/Ruby-1.9.1/lib/ruby/gems/1.9.1/gems/activerecord-2.3.5/lib/active_record/connection_adapters/mysql_adapter.rb:589:in `real_connect'
    C:/dev/Ruby-1.9.1/lib/ruby/gems/1.9.1/gems/activerecord-2.3.5/lib/active_record/connection_adapters/mysql_adapter.rb:589:in `connect'
    C:/dev/Ruby-1.9.1/lib/ruby/gems/1.9.1/gems/activerecord-2.3.5/lib/active_record/connection_adapters/mysql_adapter.rb:203:in `initialize'
    C:/dev/Ruby-1.9.1/lib/ruby/gems/1.9.1/gems/activerecord-2.3.5/lib/active_record/connection_adapters/mysql_adapter.rb:75:in `new'
    C:/dev/Ruby-1.9.1/lib/ruby/gems/1.9.1/gems/activerecord-2.3.5/lib/active_record/connection_adapters/mysql_adapter.rb:75:in `mysql_connection'
    C:/dev/Ruby-1.9.1/lib/ruby/gems/1.9.1/gems/activerecord-2.3.5/lib/active_record/connection_adapters/abstract/connection_pool.rb:223:in `new_connection'
    C:/dev/Ruby-1.9.1/lib/ruby/gems/1.9.1/gems/activerecord-2.3.5/lib/active_record/connection_adapters/abstract/connection_pool.rb:245:in `checkout_new_connection'
    C:/dev/Ruby-1.9.1/lib/ruby/gems/1.9.1/gems/activerecord-2.3.5/lib/active_record/connection_adapters/abstract/connection_pool.rb:188:in `block (2 levels) in checkout'
    C:/dev/Ruby-1.9.1/lib/ruby/gems/1.9.1/gems/activerecord-2.3.5/lib/active_record/connection_adapters/abstract/connection_pool.rb:184:in `loop'
    C:/dev/Ruby-1.9.1/lib/ruby/gems/1.9.1/gems/activerecord-2.3.5/lib/active_record/connection_adapters/abstract/connection_pool.rb:184:in `block in checkout'
    C:/dev/Ruby-1.9.1/lib/ruby/1.9.1/monitor.rb:190:in `mon_synchronize'
    C:/dev/Ruby-1.9.1/lib/ruby/gems/1.9.1/gems/activerecord-2.3.5/lib/active_record/connection_adapters/abstract/connection_pool.rb:183:in `checkout'
    C:/dev/Ruby-1.9.1/lib/ruby/gems/1.9.1/gems/activerecord-2.3.5/lib/active_record/connection_adapters/abstract/connection_pool.rb:98:in `connection'
    C:/dev/Ruby-1.9.1/lib/ruby/gems/1.9.1/gems/activerecord-2.3.5/lib/active_record/connection_adapters/abstract/connection_pool.rb:326:in `retrieve_connection'
    C:/dev/Ruby-1.9.1/lib/ruby/gems/1.9.1/gems/activerecord-2.3.5/lib/active_record/connection_adapters/abstract/connection_specification.rb:123:in `retrieve_connection'
    C:/dev/Ruby-1.9.1/lib/ruby/gems/1.9.1/gems/activerecord-2.3.5/lib/active_record/connection_adapters/abstract/connection_specification.rb:115:in `connection'
    C:/dev/Ruby-1.9.1/lib/ruby/gems/1.9.1/gems/activerecord-2.3.5/lib/active_record/query_cache.rb:9:in `cache'
    C:/dev/Ruby-1.9.1/lib/ruby/gems/1.9.1/gems/activerecord-2.3.5/lib/active_record/query_cache.rb:28:in `call'
    C:/dev/Ruby-1.9.1/lib/ruby/gems/1.9.1/gems/activerecord-2.3.5/lib/active_record/connection_adapters/abstract/connection_pool.rb:361:in `call'
    C:/dev/Ruby-1.9.1/lib/ruby/gems/1.9.1/gems/actionpack-2.3.5/lib/action_controller/string_coercion.rb:25:in `call'
    C:/dev/Ruby-1.9.1/lib/ruby/gems/1.9.1/gems/rack-1.0.1/lib/rack/head.rb:9:in `call'
    C:/dev/Ruby-1.9.1/lib/ruby/gems/1.9.1/gems/rack-1.0.1/lib/rack/methodoverride.rb:24:in `call'
    C:/dev/Ruby-1.9.1/lib/ruby/gems/1.9.1/gems/actionpack-2.3.5/lib/action_controller/params_parser.rb:15:in `call'
    C:/dev/Ruby-1.9.1/lib/ruby/gems/1.9.1/gems/actionpack-2.3.5/lib/action_controller/session/cookie_store.rb:93:in `call'
    C:/dev/Ruby-1.9.1/lib/ruby/gems/1.9.1/gems/actionpack-2.3.5/lib/action_controller/failsafe.rb:26:in `call'
    C:/dev/Ruby-1.9.1/lib/ruby/gems/1.9.1/gems/rack-1.0.1/lib/rack/lock.rb:11:in `block in call'
    <internal:prelude>:8:in `synchronize'
    C:/dev/Ruby-1.9.1/lib/ruby/gems/1.9.1/gems/rack-1.0.1/lib/rack/lock.rb:11:in `call'
    C:/dev/Ruby-1.9.1/lib/ruby/gems/1.9.1/gems/actionpack-2.3.5/lib/action_controller/dispatcher.rb:114:in `block in call'
    C:/dev/Ruby-1.9.1/lib/ruby/gems/1.9.1/gems/actionpack-2.3.5/lib/action_controller/reloader.rb:34:in `run'
    C:/dev/Ruby-1.9.1/lib/ruby/gems/1.9.1/gems/actionpack-2.3.5/lib/action_controller/dispatcher.rb:108:in `call'
    C:/dev/Ruby-1.9.1/lib/ruby/gems/1.9.1/gems/rails-2.3.5/lib/rails/rack/static.rb:31:in `call'
    C:/dev/Ruby-1.9.1/lib/ruby/gems/1.9.1/gems/rack-1.0.1/lib/rack/urlmap.rb:46:in `block in call'
    C:/dev/Ruby-1.9.1/lib/ruby/gems/1.9.1/gems/rack-1.0.1/lib/rack/urlmap.rb:40:in `each'
    C:/dev/Ruby-1.9.1/lib/ruby/gems/1.9.1/gems/rack-1.0.1/lib/rack/urlmap.rb:40:in `call'
    C:/dev/Ruby-1.9.1/lib/ruby/gems/1.9.1/gems/rails-2.3.5/lib/rails/rack/log_tailer.rb:17:in `call'
    C:/dev/Ruby-1.9.1/lib/ruby/gems/1.9.1/gems/rack-1.0.1/lib/rack/content_length.rb:13:in `call'
    C:/dev/Ruby-1.9.1/lib/ruby/gems/1.9.1/gems/rack-1.0.1/lib/rack/handler/webrick.rb:50:in `service'
    C:/dev/Ruby-1.9.1/lib/ruby/1.9.1/webrick/httpserver.rb:111:in `service'
    C:/dev/Ruby-1.9.1/lib/ruby/1.9.1/webrick/httpserver.rb:70:in `run'
    C:/dev/Ruby-1.9.1/lib/ruby/1.9.1/webrick/server.rb:183:in `block in start_thread'
/!\ FAILSAFE /!\  2010-02-10 13:57:49 +0200
  Status: 500 Internal Server Error
  Access denied for user 'root'@'localhost' (using password: NO)
    C:/dev/Ruby-1.9.1/lib/ruby/gems/1.9.1/gems/activerecord-2.3.5/lib/active_record/connection_adapters/mysql_adapter.rb:589:in `real_connect'
    C:/dev/Ruby-1.9.1/lib/ruby/gems/1.9.1/gems/activerecord-2.3.5/lib/active_record/connection_adapters/mysql_adapter.rb:589:in `connect'
    C:/dev/Ruby-1.9.1/lib/ruby/gems/1.9.1/gems/activerecord-2.3.5/lib/active_record/connection_adapters/mysql_adapter.rb:203:in `initialize'
    C:/dev/Ruby-1.9.1/lib/ruby/gems/1.9.1/gems/activerecord-2.3.5/lib/active_record/connection_adapters/mysql_adapter.rb:75:in `new'
    C:/dev/Ruby-1.9.1/lib/ruby/gems/1.9.1/gems/activerecord-2.3.5/lib/active_record/connection_adapters/mysql_adapter.rb:75:in `mysql_connection'
    C:/dev/Ruby-1.9.1/lib/ruby/gems/1.9.1/gems/activerecord-2.3.5/lib/active_record/connection_adapters/abstract/connection_pool.rb:223:in `new_connection'
    C:/dev/Ruby-1.9.1/lib/ruby/gems/1.9.1/gems/activerecord-2.3.5/lib/active_record/connection_adapters/abstract/connection_pool.rb:245:in `checkout_new_connection'
    C:/dev/Ruby-1.9.1/lib/ruby/gems/1.9.1/gems/activerecord-2.3.5/lib/active_record/connection_adapters/abstract/connection_pool.rb:188:in `block (2 levels) in checkout'
    C:/dev/Ruby-1.9.1/lib/ruby/gems/1.9.1/gems/activerecord-2.3.5/lib/active_record/connection_adapters/abstract/connection_pool.rb:184:in `loop'
    C:/dev/Ruby-1.9.1/lib/ruby/gems/1.9.1/gems/activerecord-2.3.5/lib/active_record/connection_adapters/abstract/connection_pool.rb:184:in `block in checkout'
    C:/dev/Ruby-1.9.1/lib/ruby/1.9.1/monitor.rb:190:in `mon_synchronize'
    C:/dev/Ruby-1.9.1/lib/ruby/gems/1.9.1/gems/activerecord-2.3.5/lib/active_record/connection_adapters/abstract/connection_pool.rb:183:in `checkout'
    C:/dev/Ruby-1.9.1/lib/ruby/gems/1.9.1/gems/activerecord-2.3.5/lib/active_record/connection_adapters/abstract/connection_pool.rb:98:in `connection'
    C:/dev/Ruby-1.9.1/lib/ruby/gems/1.9.1/gems/activerecord-2.3.5/lib/active_record/connection_adapters/abstract/connection_pool.rb:326:in `retrieve_connection'
    C:/dev/Ruby-1.9.1/lib/ruby/gems/1.9.1/gems/activerecord-2.3.5/lib/active_record/connection_adapters/abstract/connection_specification.rb:123:in `retrieve_connection'
    C:/dev/Ruby-1.9.1/lib/ruby/gems/1.9.1/gems/activerecord-2.3.5/lib/active_record/connection_adapters/abstract/connection_specification.rb:115:in `connection'
    C:/dev/Ruby-1.9.1/lib/ruby/gems/1.9.1/gems/activerecord-2.3.5/lib/active_record/query_cache.rb:9:in `cache'
    C:/dev/Ruby-1.9.1/lib/ruby/gems/1.9.1/gems/activerecord-2.3.5/lib/active_record/query_cache.rb:28:in `call'
    C:/dev/Ruby-1.9.1/lib/ruby/gems/1.9.1/gems/activerecord-2.3.5/lib/active_record/connection_adapters/abstract/connection_pool.rb:361:in `call'
    C:/dev/Ruby-1.9.1/lib/ruby/gems/1.9.1/gems/actionpack-2.3.5/lib/action_controller/string_coercion.rb:25:in `call'
    C:/dev/Ruby-1.9.1/lib/ruby/gems/1.9.1/gems/rack-1.0.1/lib/rack/head.rb:9:in `call'
    C:/dev/Ruby-1.9.1/lib/ruby/gems/1.9.1/gems/rack-1.0.1/lib/rack/methodoverride.rb:24:in `call'
    C:/dev/Ruby-1.9.1/lib/ruby/gems/1.9.1/gems/actionpack-2.3.5/lib/action_controller/params_parser.rb:15:in `call'
    C:/dev/Ruby-1.9.1/lib/ruby/gems/1.9.1/gems/actionpack-2.3.5/lib/action_controller/session/cookie_store.rb:93:in `call'
    C:/dev/Ruby-1.9.1/lib/ruby/gems/1.9.1/gems/actionpack-2.3.5/lib/action_controller/failsafe.rb:26:in `call'
    C:/dev/Ruby-1.9.1/lib/ruby/gems/1.9.1/gems/rack-1.0.1/lib/rack/lock.rb:11:in `block in call'
    <internal:prelude>:8:in `synchronize'
    C:/dev/Ruby-1.9.1/lib/ruby/gems/1.9.1/gems/rack-1.0.1/lib/rack/lock.rb:11:in `call'
    C:/dev/Ruby-1.9.1/lib/ruby/gems/1.9.1/gems/actionpack-2.3.5/lib/action_controller/dispatcher.rb:114:in `block in call'
    C:/dev/Ruby-1.9.1/lib/ruby/gems/1.9.1/gems/actionpack-2.3.5/lib/action_controller/reloader.rb:34:in `run'
    C:/dev/Ruby-1.9.1/lib/ruby/gems/1.9.1/gems/actionpack-2.3.5/lib/action_controller/dispatcher.rb:108:in `call'
    C:/dev/Ruby-1.9.1/lib/ruby/gems/1.9.1/gems/rails-2.3.5/lib/rails/rack/static.rb:31:in `call'
    C:/dev/Ruby-1.9.1/lib/ruby/gems/1.9.1/gems/rack-1.0.1/lib/rack/urlmap.rb:46:in `block in call'
    C:/dev/Ruby-1.9.1/lib/ruby/gems/1.9.1/gems/rack-1.0.1/lib/rack/urlmap.rb:40:in `each'
    C:/dev/Ruby-1.9.1/lib/ruby/gems/1.9.1/gems/rack-1.0.1/lib/rack/urlmap.rb:40:in `call'
    C:/dev/Ruby-1.9.1/lib/ruby/gems/1.9.1/gems/rails-2.3.5/lib/rails/rack/log_tailer.rb:17:in `call'
    C:/dev/Ruby-1.9.1/lib/ruby/gems/1.9.1/gems/rack-1.0.1/lib/rack/content_length.rb:13:in `call'
    C:/dev/Ruby-1.9.1/lib/ruby/gems/1.9.1/gems/rack-1.0.1/lib/rack/handler/webrick.rb:50:in `service'
    C:/dev/Ruby-1.9.1/lib/ruby/1.9.1/webrick/httpserver.rb:111:in `service'
    C:/dev/Ruby-1.9.1/lib/ruby/1.9.1/webrick/httpserver.rb:70:in `run'
    C:/dev/Ruby-1.9.1/lib/ruby/1.9.1/webrick/server.rb:183:in `block in start_thread'
/!\ FAILSAFE /!\  2010-02-10 13:58:42 +0200
  Status: 500 Internal Server Error
  Access denied for user 'root'@'localhost' (using password: NO)
    C:/dev/Ruby-1.9.1/lib/ruby/gems/1.9.1/gems/activerecord-2.3.5/lib/active_record/connection_adapters/mysql_adapter.rb:589:in `real_connect'
    C:/dev/Ruby-1.9.1/lib/ruby/gems/1.9.1/gems/activerecord-2.3.5/lib/active_record/connection_adapters/mysql_adapter.rb:589:in `connect'
    C:/dev/Ruby-1.9.1/lib/ruby/gems/1.9.1/gems/activerecord-2.3.5/lib/active_record/connection_adapters/mysql_adapter.rb:203:in `initialize'
    C:/dev/Ruby-1.9.1/lib/ruby/gems/1.9.1/gems/activerecord-2.3.5/lib/active_record/connection_adapters/mysql_adapter.rb:75:in `new'
    C:/dev/Ruby-1.9.1/lib/ruby/gems/1.9.1/gems/activerecord-2.3.5/lib/active_record/connection_adapters/mysql_adapter.rb:75:in `mysql_connection'
    C:/dev/Ruby-1.9.1/lib/ruby/gems/1.9.1/gems/activerecord-2.3.5/lib/active_record/connection_adapters/abstract/connection_pool.rb:223:in `new_connection'
    C:/dev/Ruby-1.9.1/lib/ruby/gems/1.9.1/gems/activerecord-2.3.5/lib/active_record/connection_adapters/abstract/connection_pool.rb:245:in `checkout_new_connection'
    C:/dev/Ruby-1.9.1/lib/ruby/gems/1.9.1/gems/activerecord-2.3.5/lib/active_record/connection_adapters/abstract/connection_pool.rb:188:in `block (2 levels) in checkout'
    C:/dev/Ruby-1.9.1/lib/ruby/gems/1.9.1/gems/activerecord-2.3.5/lib/active_record/connection_adapters/abstract/connection_pool.rb:184:in `loop'
    C:/dev/Ruby-1.9.1/lib/ruby/gems/1.9.1/gems/activerecord-2.3.5/lib/active_record/connection_adapters/abstract/connection_pool.rb:184:in `block in checkout'
    C:/dev/Ruby-1.9.1/lib/ruby/1.9.1/monitor.rb:190:in `mon_synchronize'
    C:/dev/Ruby-1.9.1/lib/ruby/gems/1.9.1/gems/activerecord-2.3.5/lib/active_record/connection_adapters/abstract/connection_pool.rb:183:in `checkout'
    C:/dev/Ruby-1.9.1/lib/ruby/gems/1.9.1/gems/activerecord-2.3.5/lib/active_record/connection_adapters/abstract/connection_pool.rb:98:in `connection'
    C:/dev/Ruby-1.9.1/lib/ruby/gems/1.9.1/gems/activerecord-2.3.5/lib/active_record/connection_adapters/abstract/connection_pool.rb:326:in `retrieve_connection'
    C:/dev/Ruby-1.9.1/lib/ruby/gems/1.9.1/gems/activerecord-2.3.5/lib/active_record/connection_adapters/abstract/connection_specification.rb:123:in `retrieve_connection'
    C:/dev/Ruby-1.9.1/lib/ruby/gems/1.9.1/gems/activerecord-2.3.5/lib/active_record/connection_adapters/abstract/connection_specification.rb:115:in `connection'
    C:/dev/Ruby-1.9.1/lib/ruby/gems/1.9.1/gems/activerecord-2.3.5/lib/active_record/query_cache.rb:9:in `cache'
    C:/dev/Ruby-1.9.1/lib/ruby/gems/1.9.1/gems/activerecord-2.3.5/lib/active_record/query_cache.rb:28:in `call'
    C:/dev/Ruby-1.9.1/lib/ruby/gems/1.9.1/gems/activerecord-2.3.5/lib/active_record/connection_adapters/abstract/connection_pool.rb:361:in `call'
    C:/dev/Ruby-1.9.1/lib/ruby/gems/1.9.1/gems/actionpack-2.3.5/lib/action_controller/string_coercion.rb:25:in `call'
    C:/dev/Ruby-1.9.1/lib/ruby/gems/1.9.1/gems/rack-1.0.1/lib/rack/head.rb:9:in `call'
    C:/dev/Ruby-1.9.1/lib/ruby/gems/1.9.1/gems/rack-1.0.1/lib/rack/methodoverride.rb:24:in `call'
    C:/dev/Ruby-1.9.1/lib/ruby/gems/1.9.1/gems/actionpack-2.3.5/lib/action_controller/params_parser.rb:15:in `call'
    C:/dev/Ruby-1.9.1/lib/ruby/gems/1.9.1/gems/actionpack-2.3.5/lib/action_controller/session/cookie_store.rb:93:in `call'
    C:/dev/Ruby-1.9.1/lib/ruby/gems/1.9.1/gems/actionpack-2.3.5/lib/action_controller/failsafe.rb:26:in `call'
    C:/dev/Ruby-1.9.1/lib/ruby/gems/1.9.1/gems/rack-1.0.1/lib/rack/lock.rb:11:in `block in call'
    <internal:prelude>:8:in `synchronize'
    C:/dev/Ruby-1.9.1/lib/ruby/gems/1.9.1/gems/rack-1.0.1/lib/rack/lock.rb:11:in `call'
    C:/dev/Ruby-1.9.1/lib/ruby/gems/1.9.1/gems/actionpack-2.3.5/lib/action_controller/dispatcher.rb:114:in `block in call'
    C:/dev/Ruby-1.9.1/lib/ruby/gems/1.9.1/gems/actionpack-2.3.5/lib/action_controller/reloader.rb:34:in `run'
    C:/dev/Ruby-1.9.1/lib/ruby/gems/1.9.1/gems/actionpack-2.3.5/lib/action_controller/dispatcher.rb:108:in `call'
    C:/dev/Ruby-1.9.1/lib/ruby/gems/1.9.1/gems/rails-2.3.5/lib/rails/rack/static.rb:31:in `call'
    C:/dev/Ruby-1.9.1/lib/ruby/gems/1.9.1/gems/rack-1.0.1/lib/rack/urlmap.rb:46:in `block in call'
    C:/dev/Ruby-1.9.1/lib/ruby/gems/1.9.1/gems/rack-1.0.1/lib/rack/urlmap.rb:40:in `each'
    C:/dev/Ruby-1.9.1/lib/ruby/gems/1.9.1/gems/rack-1.0.1/lib/rack/urlmap.rb:40:in `call'
    C:/dev/Ruby-1.9.1/lib/ruby/gems/1.9.1/gems/rails-2.3.5/lib/rails/rack/log_tailer.rb:17:in `call'
    C:/dev/Ruby-1.9.1/lib/ruby/gems/1.9.1/gems/rack-1.0.1/lib/rack/content_length.rb:13:in `call'
    C:/dev/Ruby-1.9.1/lib/ruby/gems/1.9.1/gems/rack-1.0.1/lib/rack/handler/webrick.rb:50:in `service'
    C:/dev/Ruby-1.9.1/lib/ruby/1.9.1/webrick/httpserver.rb:111:in `service'
    C:/dev/Ruby-1.9.1/lib/ruby/1.9.1/webrick/httpserver.rb:70:in `run'
    C:/dev/Ruby-1.9.1/lib/ruby/1.9.1/webrick/server.rb:183:in `block in start_thread'
  [4;36;1mSQL (0.0ms)[0m   [0;1mSET SQL_AUTO_IS_NULL=0[0m
  [4;35;1mSQL (0.0ms)[0m   [0mSHOW TABLES[0m
  [4;36;1mSQL (78.1ms)[0m   [0;1mCREATE TABLE `schema_migrations` (`version` varchar(255) NOT NULL) ENGINE=InnoDB[0m
  [4;35;1mSQL (234.4ms)[0m   [0mCREATE UNIQUE INDEX `unique_schema_migrations` ON `schema_migrations` (`version`)[0m
  [4;36;1mSQL (0.0ms)[0m   [0;1mSHOW TABLES[0m
  [4;35;1mSQL (0.0ms)[0m   [0mSELECT version FROM schema_migrations[0m
Migrating to CreateUsers (20100210120137)
  [4;36;1mSQL (125.0ms)[0m   [0;1mCREATE TABLE `users` (`id` int(11) DEFAULT NULL auto_increment PRIMARY KEY, `login` varchar(255) NOT NULL, `email` varchar(255) NOT NULL, `crypted_password` varchar(255) NOT NULL, `password_salt` varchar(255) NOT NULL, `persistence_token` varchar(255) NOT NULL, `single_access_token` varchar(255) NOT NULL, `perishable_token` varchar(255) NOT NULL, `login_count` int(11) DEFAULT 0 NOT NULL, `failed_login_count` int(11) DEFAULT 0 NOT NULL, `last_request_at` datetime, `current_login_at` datetime, `last_login_at` datetime, `current_login_ip` varchar(255), `last_login_ip` varchar(255), `created_at` datetime, `updated_at` datetime) ENGINE=InnoDB[0m
  [4;35;1mSQL (15.6ms)[0m   [0mINSERT INTO schema_migrations (version) VALUES ('20100210120137')[0m
  [4;36;1mSQL (0.0ms)[0m   [0;1mSHOW TABLES[0m
  [4;35;1mSQL (0.0ms)[0m   [0mSELECT version FROM schema_migrations[0m
  [4;36;1mSQL (0.0ms)[0m   [0;1mSHOW TABLES[0m
  [4;35;1mSQL (0.0ms)[0m   [0mSHOW FIELDS FROM `users`[0m
  [4;36;1mSQL (15.6ms)[0m   [0;1mdescribe `users`[0m
  [4;35;1mSQL (0.0ms)[0m   [0mSHOW KEYS FROM `users`[0m
  [4;36;1mSQL (0.0ms)[0m   [0;1mSET SQL_AUTO_IS_NULL=0[0m


Processing HomeController#index (for 127.0.0.1 at 2010-02-10 14:11:44) [GET]
  Parameters: {"controller"=>"home", "action"=>"index"}
Rendering template within layouts/main
Rendering home
Rendered layouts/include/_head (0.0ms)
Rendered layouts/include/_header (0.0ms)
Rendered layouts/include/_left (15.6ms)
Rendered layouts/include/_footer (0.0ms)
Completed in 359ms (View: 78, DB: 0) | 200 OK [http://localhost/]
  [4;35;1mSQL (0.0ms)[0m   [0mSET SQL_AUTO_IS_NULL=0[0m


Processing HomeController#index (for 127.0.0.1 at 2010-02-10 14:11:50) [GET]
  Parameters: {"controller"=>"home", "action"=>"index"}
Rendering template within layouts/main
Rendering home
Rendered layouts/include/_head (0.0ms)
Rendered layouts/include/_header (0.0ms)
Rendered layouts/include/_left (0.0ms)
Rendered layouts/include/_footer (0.0ms)
Completed in 16ms (View: 16, DB: 0) | 200 OK [http://localhost/]
  [4;36;1mSQL (0.0ms)[0m   [0;1mSET SQL_AUTO_IS_NULL=0[0m


Processing HomeController#index (for 127.0.0.1 at 2010-02-10 14:12:06) [GET]
  Parameters: {"controller"=>"home", "action"=>"index"}
Rendering template within layouts/main
Rendering home
Rendered layouts/include/_head (0.0ms)
Rendered layouts/include/_header (0.0ms)
Rendered layouts/include/_left (0.0ms)
Rendered layouts/include/_footer (0.0ms)
Completed in 16ms (View: 16, DB: 0) | 200 OK [http://localhost/]
  [4;35;1mSQL (0.0ms)[0m   [0mSET SQL_AUTO_IS_NULL=0[0m


Processing HomeController#index (for 127.0.0.1 at 2010-02-10 14:12:19) [GET]
  Parameters: {"controller"=>"home", "action"=>"index"}
Rendering template within layouts/main
Rendering home
Rendered layouts/include/_head (15.6ms)
Rendered layouts/include/_header (0.0ms)
Rendered layouts/include/_left (0.0ms)
Rendered layouts/include/_footer (0.0ms)
Completed in 16ms (View: 16, DB: 0) | 200 OK [http://localhost/]
  [4;36;1mSQL (0.0ms)[0m   [0;1mSET SQL_AUTO_IS_NULL=0[0m


Processing HomeController#index (for 127.0.0.1 at 2010-02-10 14:13:18) [GET]
  Parameters: {"controller"=>"home", "action"=>"index"}
Rendering template within layouts/main
Rendering home
Rendered layouts/include/_head (0.0ms)
Rendered layouts/include/_header (0.0ms)
Rendered layouts/include/_left (0.0ms)
Rendered layouts/include/_footer (0.0ms)
Completed in 0ms (View: 0, DB: 0) | 200 OK [http://localhost/home]
  [4;35;1mSQL (0.0ms)[0m   [0mSET SQL_AUTO_IS_NULL=0[0m


Processing HomeController#index (for 127.0.0.1 at 2010-02-10 14:13:21) [GET]
  Parameters: {"controller"=>"home", "action"=>"index"}
Rendering template within layouts/main
Rendering home
Rendered layouts/include/_head (0.0ms)
Rendered layouts/include/_header (0.0ms)
Rendered layouts/include/_left (0.0ms)
Rendered layouts/include/_footer (0.0ms)
Completed in 16ms (View: 16, DB: 0) | 200 OK [http://localhost/]
  [4;36;1mSQL (0.0ms)[0m   [0;1mSET SQL_AUTO_IS_NULL=0[0m


Processing HomeController#index (for 127.0.0.1 at 2010-02-10 15:49:37) [GET]
  Parameters: {"controller"=>"home", "action"=>"index"}
Rendering template within layouts/main
Rendering home
Rendered layouts/include/_head (0.0ms)
Rendered layouts/include/_header (0.0ms)
Rendered layouts/include/_left (0.0ms)
Rendered layouts/include/_footer (0.0ms)
Completed in 250ms (View: 78, DB: 0) | 200 OK [http://127.0.0.1/]
  [4;35;1mSQL (0.0ms)[0m   [0mSET SQL_AUTO_IS_NULL=0[0m


Processing HomeController#index (for 127.0.0.1 at 2010-02-10 15:49:43) [GET]
  Parameters: {"controller"=>"home", "action"=>"index"}
Rendering template within layouts/main
Rendering home
Rendered layouts/include/_head (0.0ms)
Rendered layouts/include/_header (0.0ms)
Rendered layouts/include/_left (0.0ms)
Rendered layouts/include/_footer (0.0ms)
Completed in 16ms (View: 16, DB: 0) | 200 OK [http://127.0.0.1/]
  [4;36;1mSQL (0.0ms)[0m   [0;1mSET SQL_AUTO_IS_NULL=0[0m


Processing HomeController#index (for 127.0.0.1 at 2010-02-10 15:49:45) [GET]
  Parameters: {"controller"=>"home", "action"=>"index"}
Rendering template within layouts/main
Rendering home
Rendered layouts/include/_head (0.0ms)
Rendered layouts/include/_header (0.0ms)
Rendered layouts/include/_left (0.0ms)
Rendered layouts/include/_footer (0.0ms)
Completed in 16ms (View: 0, DB: 0) | 200 OK [http://127.0.0.1/]
  [4;35;1mSQL (0.0ms)[0m   [0mSET SQL_AUTO_IS_NULL=0[0m


Processing HomeController#index (for 127.0.0.1 at 2010-02-10 15:50:11) [GET]
  Parameters: {"controller"=>"home", "action"=>"index"}
Rendering template within layouts/main
Rendering home
Rendered layouts/include/_head (0.0ms)
Rendered layouts/include/_header (0.0ms)
Rendered layouts/include/_left (0.0ms)
Rendered layouts/include/_footer (0.0ms)
Completed in 16ms (View: 0, DB: 0) | 200 OK [http://127.0.0.1/]
  [4;36;1mSQL (0.0ms)[0m   [0;1mSET SQL_AUTO_IS_NULL=0[0m


Processing HomeController#index (for 127.0.0.1 at 2010-02-10 15:50:27) [GET]
  Parameters: {"controller"=>"home", "action"=>"index"}
Rendering template within layouts/main
Rendering home
Rendered layouts/include/_head (0.0ms)
Rendered layouts/include/_header (0.0ms)
Rendered layouts/include/_left (0.0ms)
Rendered layouts/include/_footer (0.0ms)
Completed in 16ms (View: 16, DB: 0) | 200 OK [http://localhost/]
  [4;35;1mSQL (0.0ms)[0m   [0mSET SQL_AUTO_IS_NULL=0[0m


Processing HomeController#index (for 127.0.0.1 at 2010-02-10 15:50:50) [GET]
  Parameters: {"controller"=>"home", "action"=>"index"}
Rendering template within layouts/main
Rendering home
Rendered layouts/include/_head (0.0ms)
Rendered layouts/include/_header (0.0ms)
Rendered layouts/include/_left (0.0ms)
Rendered layouts/include/_footer (0.0ms)
Completed in 16ms (View: 0, DB: 0) | 200 OK [http://localhost/]
  [4;36;1mSQL (0.0ms)[0m   [0;1mSET SQL_AUTO_IS_NULL=0[0m


Processing HomeController#index (for 127.0.0.1 at 2010-02-10 15:51:52) [GET]
  Parameters: {"controller"=>"home", "action"=>"index"}
Rendering template within layouts/main
Rendering home
Rendered layouts/include/_head (15.6ms)
Rendered layouts/include/_header (0.0ms)
Rendered layouts/include/_left (0.0ms)
Rendered layouts/include/_footer (0.0ms)
Completed in 16ms (View: 16, DB: 0) | 200 OK [http://localhost/]
  [4;35;1mSQL (0.0ms)[0m   [0mSET SQL_AUTO_IS_NULL=0[0m


Processing HomeController#index (for 127.0.0.1 at 2010-02-10 15:52:21) [GET]
  Parameters: {"controller"=>"home", "action"=>"index"}
Rendering template within layouts/main
Rendering home
Rendered layouts/include/_head (0.0ms)
Rendered layouts/include/_header (15.6ms)
Rendered layouts/include/_left (0.0ms)
Rendered layouts/include/_footer (0.0ms)
Completed in 125ms (View: 125, DB: 0) | 200 OK [http://localhost/]
  [4;36;1mSQL (0.0ms)[0m   [0;1mSET SQL_AUTO_IS_NULL=0[0m


Processing HomeController#index (for 127.0.0.1 at 2010-02-10 15:52:45) [GET]
  Parameters: {"controller"=>"home", "action"=>"index"}
Rendering template within layouts/main
Rendering home
Rendered layouts/include/_head (0.0ms)
Rendered layouts/include/_header (0.0ms)
Rendered layouts/include/_left (0.0ms)
Rendered layouts/include/_footer (0.0ms)
Completed in 16ms (View: 0, DB: 0) | 200 OK [http://localhost/]
  [4;35;1mSQL (0.0ms)[0m   [0mSET SQL_AUTO_IS_NULL=0[0m


Processing HomeController#index (for 127.0.0.1 at 2010-02-10 15:52:59) [GET]
  Parameters: {"controller"=>"home", "action"=>"index"}
Rendering template within layouts/main
Rendering home
Rendered layouts/include/_head (0.0ms)
Rendered layouts/include/_header (0.0ms)
Rendered layouts/include/_left (0.0ms)
Rendered layouts/include/_footer (0.0ms)
Completed in 16ms (View: 16, DB: 0) | 200 OK [http://localhost/]
  [4;36;1mSQL (0.0ms)[0m   [0;1mSET SQL_AUTO_IS_NULL=0[0m


Processing HomeController#index (for 127.0.0.1 at 2010-02-10 15:53:04) [GET]
  Parameters: {"controller"=>"home", "action"=>"index"}
Rendering template within layouts/main
Rendering home
Rendered layouts/include/_head (15.6ms)
Rendered layouts/include/_header (0.0ms)
Rendered layouts/include/_left (0.0ms)
Rendered layouts/include/_footer (0.0ms)
Completed in 16ms (View: 16, DB: 0) | 200 OK [http://localhost/]
  [4;35;1mSQL (0.0ms)[0m   [0mSET SQL_AUTO_IS_NULL=0[0m


Processing HomeController#index (for 127.0.0.1 at 2010-02-10 16:06:21) [GET]
  Parameters: {"controller"=>"home", "action"=>"index"}
Rendering template within layouts/main
Rendering home
Rendered layouts/include/_head (0.0ms)
Rendered layouts/include/_header (0.0ms)
Rendered layouts/include/_left (0.0ms)
Rendered layouts/include/_footer (0.0ms)
Completed in 31ms (View: 31, DB: 0) | 200 OK [http://localhost/]
